Arguments: 
  /usr/local/Cellar/node/14.4.0/bin/node /usr/local/Cellar/yarn/1.22.4/libexec/bin/yarn.js dev

PATH: 
  /Users/gmchen/.cargo/bin:/Library/Java/JavaVirtualMachines/jdk1.8.0_181.jdk/Contents/Home/bin:/usr/local/opt/mysql@5.7/bin:/usr/local/bin:/usr/bin:/bin:/usr/sbin:/sbin:/Applications/VMware Fusion.app/Contents/Public:/usr/local/go/bin:/Library/Apple/usr/bin:/Applications/Wireshark.app/Contents/MacOS:/Users/gmchen/Library/sdk/platform-tools:/Users/gmchen/Library/sdk/tools:/Users/gmchen/Library/sdk/build-tools/android-5.1:/Applications/calibre.app/Contents/MacOS:/Users/gmchen/go/bin:/usr/local/sbin

Yarn version: 
  1.22.4

Node version: 
  14.4.0

Platform: 
  darwin x64

Trace: 
  SyntaxError: /Users/gmchen/go/src/github.com/fengdanbailu/book/vuepress/package.json: Unexpected token } in JSON at position 126
      at JSON.parse (<anonymous>)
      at /usr/local/Cellar/yarn/1.22.4/libexec/lib/cli.js:1625:59
      at Generator.next (<anonymous>)
      at step (/usr/local/Cellar/yarn/1.22.4/libexec/lib/cli.js:310:30)
      at /usr/local/Cellar/yarn/1.22.4/libexec/lib/cli.js:321:13

npm manifest: 
  {
    "private": true,
    "license": "MIT",
    "scripts": {
      "dev": "vuepress dev docs",
      "build": "vuepress build docs",
    },
    "dependencies": {
      "element-ui": "^2.13.2",
      "lodash": "^4.17.19",
      "markdown-it": "^11.0.0",
      "moment": "^2.27.0"
    }
  }

yarn manifest: 
  No manifest

Lockfile: 
  # THIS IS AN AUTOGENERATED FILE. DO NOT EDIT THIS FILE DIRECTLY.
  # yarn lockfile v1
  
  
  argparse@^1.0.7:
    version "1.0.10"
    resolved "https://registry.npm.taobao.org/argparse/download/argparse-1.0.10.tgz#bcd6791ea5ae09725e17e5ad988134cd40b3d911"
    integrity sha1-vNZ5HqWuCXJeF+WtmIE0zUCz2RE=
    dependencies:
      sprintf-js "~1.0.2"
  
  async-validator@~1.8.1:
    version "1.8.5"
    resolved "https://registry.npm.taobao.org/async-validator/download/async-validator-1.8.5.tgz?cache=0&sync_timestamp=1596625258256&other_urls=https%3A%2F%2Fregistry.npm.taobao.org%2Fasync-validator%2Fdownload%2Fasync-validator-1.8.5.tgz#dc3e08ec1fd0dddb67e60842f02c0cd1cec6d7f0"
    integrity sha1-3D4I7B/Q3dtn5ghC8CwM0c7G1/A=
    dependencies:
      babel-runtime "6.x"
  
  babel-helper-vue-jsx-merge-props@^2.0.0:
    version "2.0.3"
    resolved "https://registry.npm.taobao.org/babel-helper-vue-jsx-merge-props/download/babel-helper-vue-jsx-merge-props-2.0.3.tgz#22aebd3b33902328e513293a8e4992b384f9f1b6"
    integrity sha1-Iq69OzOQIyjlEyk6jkmSs4T58bY=
  
  babel-runtime@6.x:
    version "6.26.0"
    resolved "https://registry.npm.taobao.org/babel-runtime/download/babel-runtime-6.26.0.tgz#965c7058668e82b55d7bfe04ff2337bc8b5647fe"
    integrity sha1-llxwWGaOgrVde/4E/yM3vItWR/4=
    dependencies:
      core-js "^2.4.0"
      regenerator-runtime "^0.11.0"
  
  core-js@^2.4.0:
    version "2.6.11"
    resolved "https://registry.npm.taobao.org/core-js/download/core-js-2.6.11.tgz#38831469f9922bded8ee21c9dc46985e0399308c"
    integrity sha1-OIMUafmSK97Y7iHJ3EaYXgOZMIw=
  
  deepmerge@^1.2.0:
    version "1.5.2"
    resolved "https://registry.npm.taobao.org/deepmerge/download/deepmerge-1.5.2.tgz#10499d868844cdad4fee0842df8c7f6f0c95a753"
    integrity sha1-EEmdhohEza1P7ghC34x/bwyVp1M=
  
  element-ui@^2.13.2:
    version "2.13.2"
    resolved "https://registry.npm.taobao.org/element-ui/download/element-ui-2.13.2.tgz?cache=0&sync_timestamp=1589795164194&other_urls=https%3A%2F%2Fregistry.npm.taobao.org%2Felement-ui%2Fdownload%2Felement-ui-2.13.2.tgz#582bf47aaaaaafe23ea1958fae217a687ad06447"
    integrity sha1-WCv0eqqqr+I+oZWPriF6aHrQZEc=
    dependencies:
      async-validator "~1.8.1"
      babel-helper-vue-jsx-merge-props "^2.0.0"
      deepmerge "^1.2.0"
      normalize-wheel "^1.0.1"
      resize-observer-polyfill "^1.5.0"
      throttle-debounce "^1.0.1"
  
  entities@~2.0.0:
    version "2.0.3"
    resolved "https://registry.npm.taobao.org/entities/download/entities-2.0.3.tgz?cache=0&other_urls=https%3A%2F%2Fregistry.npm.taobao.org%2Fentities%2Fdownload%2Fentities-2.0.3.tgz#5c487e5742ab93c15abb5da22759b8590ec03b7f"
    integrity sha1-XEh+V0Krk8Fau12iJ1m4WQ7AO38=
  
  linkify-it@^3.0.1:
    version "3.0.2"
    resolved "https://registry.npm.taobao.org/linkify-it/download/linkify-it-3.0.2.tgz?cache=0&sync_timestamp=1589972899233&other_urls=https%3A%2F%2Fregistry.npm.taobao.org%2Flinkify-it%2Fdownload%2Flinkify-it-3.0.2.tgz#f55eeb8bc1d3ae754049e124ab3bb56d97797fb8"
    integrity sha1-9V7ri8HTrnVASeEkqzu1bZd5f7g=
    dependencies:
      uc.micro "^1.0.1"
  
  lodash@^4.17.19:
    version "4.17.19"
    resolved "https://registry.npm.taobao.org/lodash/download/lodash-4.17.19.tgz?cache=0&sync_timestamp=1594226832494&other_urls=https%3A%2F%2Fregistry.npm.taobao.org%2Flodash%2Fdownload%2Flodash-4.17.19.tgz#e48ddedbe30b3321783c5b4301fbd353bc1e4a4b"
    integrity sha1-5I3e2+MLMyF4PFtDAfvTU7weSks=
  
  markdown-it@^11.0.0:
    version "11.0.0"
    resolved "https://registry.npm.taobao.org/markdown-it/download/markdown-it-11.0.0.tgz?cache=0&other_urls=https%3A%2F%2Fregistry.npm.taobao.org%2Fmarkdown-it%2Fdownload%2Fmarkdown-it-11.0.0.tgz#dbfc30363e43d756ebc52c38586b91b90046b876"
    integrity sha1-2/wwNj5D11brxSw4WGuRuQBGuHY=
    dependencies:
      argparse "^1.0.7"
      entities "~2.0.0"
      linkify-it "^3.0.1"
      mdurl "^1.0.1"
      uc.micro "^1.0.5"
  
  mdurl@^1.0.1:
    version "1.0.1"
    resolved "https://registry.npm.taobao.org/mdurl/download/mdurl-1.0.1.tgz#fe85b2ec75a59037f2adfec100fd6c601761152e"
    integrity sha1-/oWy7HWlkDfyrf7BAP1sYBdhFS4=
  
  moment@^2.27.0:
    version "2.27.0"
    resolved "https://registry.npm.taobao.org/moment/download/moment-2.27.0.tgz?cache=0&sync_timestamp=1592516084857&other_urls=https%3A%2F%2Fregistry.npm.taobao.org%2Fmoment%2Fdownload%2Fmoment-2.27.0.tgz#8bff4e3e26a236220dfe3e36de756b6ebaa0105d"
    integrity sha1-i/9OPiaiNiIN/j423nVrbrqgEF0=
  
  normalize-wheel@^1.0.1:
    version "1.0.1"
    resolved "https://registry.npm.taobao.org/normalize-wheel/download/normalize-wheel-1.0.1.tgz#aec886affdb045070d856447df62ecf86146ec45"
    integrity sha1-rsiGr/2wRQcNhWRH32Ls+GFG7EU=
  
  regenerator-runtime@^0.11.0:
    version "0.11.1"
    resolved "https://registry.npm.taobao.org/regenerator-runtime/download/regenerator-runtime-0.11.1.tgz?cache=0&sync_timestamp=1595456117883&other_urls=https%3A%2F%2Fregistry.npm.taobao.org%2Fregenerator-runtime%2Fdownload%2Fregenerator-runtime-0.11.1.tgz#be05ad7f9bf7d22e056f9726cee5017fbf19e2e9"
    integrity sha1-vgWtf5v30i4Fb5cmzuUBf78Z4uk=
  
  resize-observer-polyfill@^1.5.0:
    version "1.5.1"
    resolved "https://registry.npm.taobao.org/resize-observer-polyfill/download/resize-observer-polyfill-1.5.1.tgz#0e9020dd3d21024458d4ebd27e23e40269810464"
    integrity sha1-DpAg3T0hAkRY1OvSfiPkAmmBBGQ=
  
  sprintf-js@~1.0.2:
    version "1.0.3"
    resolved "https://registry.npm.taobao.org/sprintf-js/download/sprintf-js-1.0.3.tgz#04e6926f662895354f3dd015203633b857297e2c"
    integrity sha1-BOaSb2YolTVPPdAVIDYzuFcpfiw=
  
  throttle-debounce@^1.0.1:
    version "1.1.0"
    resolved "https://registry.npm.taobao.org/throttle-debounce/download/throttle-debounce-1.1.0.tgz?cache=0&sync_timestamp=1591627066344&other_urls=https%3A%2F%2Fregistry.npm.taobao.org%2Fthrottle-debounce%2Fdownload%2Fthrottle-debounce-1.1.0.tgz#51853da37be68a155cb6e827b3514a3c422e89cd"
    integrity sha1-UYU9o3vmihVctugns1FKPEIuic0=
  
  uc.micro@^1.0.1, uc.micro@^1.0.5:
    version "1.0.6"
    resolved "https://registry.npm.taobao.org/uc.micro/download/uc.micro-1.0.6.tgz#9c411a802a409a91fc6cf74081baba34b24499ac"
    integrity sha1-nEEagCpAmpH8bPdAgbq6NLJEmaw=
